{"name": "Test-1 Authentication", "status": "failed", "statusDetails": {"message": "AssertionError: assert True == False", "trace": "@allure.title(\"Test-1 Authentication\")\n    @pytest.mark.smoke\n    def test_method2():\n        print(\"This is first test case\")\n>       assert True==False\nE       assert True == False\n\nex_28122024_pytest\\test_Lab186_pytest_learning.py:11: AssertionError"}, "attachments": [{"name": "stdout", "source": "003d5dd3-8c54-47e0-8249-379559430771-attachment.txt", "type": "text/plain"}], "start": 1735572457821, "stop": 1735572457822, "uuid": "88f862f6-075d-4f44-aadb-e50a725d0acb", "historyId": "761eeadbeb821975844395b0bc7e8d05", "testCaseId": "761eeadbeb821975844395b0bc7e8d05", "fullName": "ex_28122024_pytest.test_Lab186_pytest_learning#test_method2", "labels": [{"name": "tag", "value": "smoke"}, {"name": "parentSuite", "value": "ex_28122024_pytest"}, {"name": "suite", "value": "test_Lab186_pytest_learning"}, {"name": "host", "value": "DESKTOP-NJ5D12C"}, {"name": "thread", "value": "17900-MainThread"}, {"name": "framework", "value": "pytest"}, {"name": "language", "value": "cpython3"}, {"name": "package", "value": "ex_28122024_pytest.test_Lab186_pytest_learning"}]}